epoch,accuracy,loss,val_accuracy,val_loss
0,0.4148416519165039,2.3391611576080322,0.49309998750686646,1.74049711227417
1,0.4834916591644287,1.6178687810897827,0.522933304309845,1.3924480676651
2,0.5154250264167786,1.3880397081375122,0.5455999970436096,1.286782145500183
3,0.5366166830062866,1.2965619564056396,0.5637999773025513,1.2295515537261963
4,0.5509166717529297,1.2397546768188477,0.5771333575248718,1.1871849298477173
5,0.5640666484832764,1.20267915725708,0.5823000073432922,1.1546897888183594
6,0.5720666646957397,1.1746364831924438,0.600266695022583,1.1122788190841675
7,0.5800750255584717,1.155946969985962,0.6019333600997925,1.0910180807113647
8,0.5851916670799255,1.1395652294158936,0.6068333387374878,1.0839380025863647
9,0.5888916850090027,1.1260398626327515,0.6060666441917419,1.0831724405288696
10,0.5941166877746582,1.1119987964630127,0.6229666471481323,1.0448342561721802
11,0.5974833369255066,1.1063328981399536,0.6115000247955322,1.0718106031417847
12,0.6014416813850403,1.097028374671936,0.624833345413208,1.0357160568237305
13,0.6045166850090027,1.0867873430252075,0.6217333078384399,1.0538471937179565
14,0.606291651725769,1.0814181566238403,0.6225333213806152,1.037923812866211
15,0.6095749735832214,1.0740337371826172,0.6099666953086853,1.058918833732605
16,0.6123416423797607,1.068452000617981,0.6210333108901978,1.0345470905303955
17,0.6145250201225281,1.0627923011779785,0.6068333387374878,1.0706900358200073
18,0.6157500147819519,1.0596370697021484,0.6338666677474976,1.0095396041870117
19,0.6182166934013367,1.0534193515777588,0.6344000101089478,1.0042356252670288
20,0.6199333071708679,1.0534776449203491,0.6324999928474426,1.0133639574050903
21,0.620199978351593,1.047822117805481,0.6305333375930786,1.0327866077423096
22,0.622041642665863,1.0433887243270874,0.6377999782562256,0.9912662506103516
23,0.6234333515167236,1.0390456914901733,0.6402666568756104,0.9934207201004028
24,0.6246416568756104,1.0373122692108154,0.6361333131790161,0.9984424710273743
25,0.6256750226020813,1.0334396362304688,0.6483666896820068,0.9760006070137024
26,0.62642502784729,1.0297365188598633,0.6266666650772095,1.0342565774917603
27,0.6289250254631042,1.0265271663665771,0.6329333186149597,1.0106873512268066
28,0.6307916641235352,1.0240843296051025,0.6362333297729492,0.9929335117340088
29,0.630050003528595,1.0204774141311646,0.6384999752044678,0.9938936829566956
30,0.6322583556175232,1.018127679824829,0.6460666656494141,0.9808506965637207
31,0.6318333148956299,1.0153754949569702,0.6409333348274231,0.989700198173523
32,0.6344333291053772,1.013149619102478,0.6439666748046875,0.977232813835144
33,0.633608341217041,1.0112900733947754,0.6484333276748657,0.9697306752204895
34,0.6357333064079285,1.0081526041030884,0.6403999924659729,0.9993919730186462
35,0.6358833312988281,1.0069355964660645,0.6495333313941956,0.9681462049484253
36,0.6367250084877014,1.0056301355361938,0.6491333246231079,0.9655270576477051
37,0.6376500129699707,1.0022562742233276,0.6436333060264587,0.9836212992668152
38,0.6392333507537842,1.00077486038208,0.6484333276748657,0.9683692455291748
39,0.6392166614532471,1.0009238719940186,0.6474000215530396,0.974768877029419
40,0.6387500166893005,0.9973052740097046,0.6443666815757751,0.9807509183883667
41,0.6417750120162964,0.994653582572937,0.6511333584785461,0.9711493253707886
42,0.6407333612442017,0.9949243664741516,0.6391333341598511,0.9965755939483643
43,0.642758309841156,0.9920122027397156,0.6431000232696533,0.9785518646240234
44,0.6424833536148071,0.9903136491775513,0.6473000049591064,0.9776420593261719
45,0.6436416506767273,0.9882348775863647,0.6503333449363708,0.9617452025413513
46,0.6440083384513855,0.9866068959236145,0.6443333625793457,0.982875406742096
47,0.6455583572387695,0.9856030344963074,0.6428666710853577,0.9888362884521484
48,0.6453166604042053,0.9830730557441711,0.6416000127792358,0.9870085120201111
49,0.6449666619300842,0.9829190969467163,0.6555666923522949,0.9505323171615601
50,0.646399974822998,0.9806545376777649,0.656499981880188,0.9560598731040955
51,0.645716667175293,0.9812900424003601,0.6471666693687439,0.9786394238471985
52,0.646091639995575,0.9787437915802002,0.6483666896820068,0.982856810092926
53,0.6469749808311462,0.9788766503334045,0.6496666669845581,0.9637585878372192
54,0.6490499973297119,0.9765592217445374,0.6548333168029785,0.9699102640151978
55,0.651408314704895,0.971610963344574,0.6492666602134705,0.9705629348754883
56,0.6488916873931885,0.9724247455596924,0.6513000130653381,0.9660918116569519
57,0.649649977684021,0.9724538326263428,0.6589666604995728,0.9509502649307251
58,0.6488833427429199,0.9726623296737671,0.6537333130836487,0.9590805172920227
59,0.6516416668891907,0.968772828578949,0.6549666523933411,0.9584429264068604
60,0.6514250040054321,0.9671379327774048,0.6582666635513306,0.9486547708511353
61,0.65256667137146,0.9673366546630859,0.6539999842643738,0.9643176198005676
62,0.6518083214759827,0.9659280776977539,0.6589000225067139,0.9401256442070007
63,0.6518916487693787,0.9668536186218262,0.6654000282287598,0.9255263209342957
64,0.6518916487693787,0.9642354846000671,0.6675333380699158,0.9256894588470459
65,0.6544833183288574,0.9619580507278442,0.6608333587646484,0.945313036441803
66,0.6538166403770447,0.9624139070510864,0.6545666456222534,0.956799328327179
67,0.6558416485786438,0.9602438807487488,0.6588666439056396,0.9438839554786682
68,0.656291663646698,0.960627019405365,0.6581000089645386,0.9372848272323608
69,0.65440833568573,0.9591424465179443,0.661466658115387,0.9383193254470825
70,0.6574083566665649,0.9555544257164001,0.6657999753952026,0.9270616173744202
71,0.6561833620071411,0.9557889699935913,0.6583666801452637,0.9608481526374817
72,0.6578750014305115,0.9554734230041504,0.6567333340644836,0.9515435695648193
73,0.6553000211715698,0.9541460275650024,0.6409666538238525,0.9909552335739136
74,0.6561833620071411,0.955062210559845,0.6672333478927612,0.9255547523498535
75,0.6579499840736389,0.9525282979011536,0.6607666611671448,0.937737226486206
76,0.65788334608078,0.9514820575714111,0.6441333293914795,0.982003927230835
77,0.6584833264350891,0.9504918456077576,0.6623666882514954,0.9362348318099976
78,0.6570000052452087,0.9520748853683472,0.6624666452407837,0.9323323965072632
79,0.658133327960968,0.9491851925849915,0.6701333522796631,0.9204137921333313
80,0.6604916453361511,0.9456534385681152,0.668233335018158,0.9262751340866089
81,0.659683346748352,0.9467875361442566,0.6517000198364258,0.9594390988349915
82,0.6593583226203918,0.9467942118644714,0.6677666902542114,0.9200957417488098
83,0.6588249802589417,0.9469431042671204,0.6656000018119812,0.9306831359863281
84,0.6587749719619751,0.947639524936676,0.6535666584968567,0.9598085880279541
85,0.6597416400909424,0.9451460242271423,0.6386333107948303,1.0000560283660889
86,0.6611916422843933,0.94278883934021,0.661300003528595,0.939527153968811
87,0.6616666913032532,0.9423251152038574,0.6521000266075134,0.9501287341117859
88,0.6600000262260437,0.941882312297821,0.6758666634559631,0.9040617346763611
89,0.6617083549499512,0.9419479370117188,0.6658333539962769,0.9310353398323059
90,0.6604499816894531,0.9414260387420654,0.6594666838645935,0.9527774453163147
91,0.6635666489601135,0.9387610554695129,0.6657333374023438,0.9283402562141418
92,0.6625833511352539,0.9394084811210632,0.6606666445732117,0.9356238842010498
93,0.6624249815940857,0.9398136734962463,0.6633666753768921,0.9300352334976196
94,0.6618166565895081,0.9406378865242004,0.6483333110809326,0.9818393588066101
95,0.6635666489601135,0.9361530542373657,0.6615333557128906,0.9359237551689148
96,0.6613166928291321,0.939032793045044,0.6732000112533569,0.9070318937301636
97,0.6636833548545837,0.9356999397277832,0.6539666652679443,0.9538333415985107
98,0.6645583510398865,0.9323859214782715,0.6655666828155518,0.9235677719116211
99,0.6645249724388123,0.9344208836555481,0.667033314704895,0.9284620881080627
100,0.6652500033378601,0.9334142208099365,0.6718000173568726,0.9169632792472839
101,0.6655666828155518,0.9328482151031494,0.6704333424568176,0.9168104529380798
102,0.6653249859809875,0.9314689040184021,0.6620000004768372,0.93813556432724
103,0.6663916707038879,0.9307864308357239,0.6692666411399841,0.921148419380188
104,0.6643666625022888,0.931168258190155,0.6691333055496216,0.919930636882782
105,0.6655166745185852,0.9297931790351868,0.6582000255584717,0.9417271018028259
106,0.666450023651123,0.9289671778678894,0.6725000143051147,0.9108344316482544
107,0.6675500273704529,0.9282239079475403,0.6700999736785889,0.9153523445129395
108,0.666949987411499,0.9280598163604736,0.6672666668891907,0.9246408939361572
109,0.6664416790008545,0.9271515607833862,0.6653666496276855,0.9314939975738525
110,0.6675416827201843,0.9274833798408508,0.6673666834831238,0.916749894618988
111,0.6675333380699158,0.9270967245101929,0.6701666712760925,0.9137434959411621
112,0.668666660785675,0.9246149659156799,0.6643666625022888,0.9307035803794861
113,0.6682833433151245,0.924344539642334,0.6742666959762573,0.9062358140945435
114,0.667900025844574,0.9241117835044861,0.6662333607673645,0.9169890880584717
115,0.6675750017166138,0.9216116070747375,0.6653666496276855,0.9354171752929688
116,0.6690000295639038,0.9245902895927429,0.6703000068664551,0.9150334596633911
117,0.6673916578292847,0.9227736592292786,0.6606000065803528,0.9532957673072815
118,0.668958306312561,0.9209532141685486,0.6669333577156067,0.9334883093833923
119,0.6690999865531921,0.9207630157470703,0.6667333245277405,0.9267695546150208
120,0.6694583296775818,0.9213998317718506,0.67166668176651,0.9084361791610718
121,0.6695083379745483,0.9234506487846375,0.6659333109855652,0.9243807792663574
122,0.6696333289146423,0.9207181930541992,0.6670666933059692,0.9255017042160034
123,0.6698583364486694,0.9184053540229797,0.6649666428565979,0.9354431629180908
124,0.670283317565918,0.9171136021614075,0.6678000092506409,0.9178934693336487
125,0.6693666577339172,0.9204864501953125,0.6742666959762573,0.9084206819534302
126,0.6697916388511658,0.9158354997634888,0.6699000000953674,0.9235501885414124
127,0.6713416576385498,0.9192090630531311,0.675166666507721,0.9003978967666626
128,0.6717166900634766,0.9169340133666992,0.663100004196167,0.9362307786941528
129,0.670366644859314,0.9151082038879395,0.6658666729927063,0.9252384305000305
130,0.6688166856765747,0.9170944094657898,0.666266679763794,0.9391003847122192
131,0.6702666878700256,0.9164108633995056,0.6700999736785889,0.9197669625282288
132,0.6713749766349792,0.9139662384986877,0.6693999767303467,0.9169999361038208
133,0.6723750233650208,0.912717878818512,0.6685333251953125,0.9139226675033569
134,0.674049973487854,0.9128782153129578,0.6470666527748108,0.9839603304862976
135,0.6723250150680542,0.9142433404922485,0.6711000204086304,0.9081465601921082
136,0.6717000007629395,0.9139808416366577,0.6490333080291748,0.9826663136482239
137,0.6735583543777466,0.911159873008728,0.6626666784286499,0.9391965866088867
138,0.673341691493988,0.9107151627540588,0.6580666899681091,0.9510022401809692
139,0.6748583316802979,0.9099311232566833,0.6721000075340271,0.9104563593864441
140,0.6727416515350342,0.9116203188896179,0.6668000221252441,0.9226490259170532
141,0.6742416620254517,0.9086729884147644,0.6722666621208191,0.9113377332687378
142,0.6751999855041504,0.909128725528717,0.6747333407402039,0.9165093302726746
143,0.6744166612625122,0.9079331159591675,0.6729333400726318,0.9104082584381104
144,0.6729000210762024,0.9100315570831299,0.6736666560173035,0.9162157773971558
145,0.6742333173751831,0.9082531332969666,0.6690333485603333,0.9209700226783752
146,0.6744999885559082,0.9070106744766235,0.6675999760627747,0.9181345105171204
147,0.6743083596229553,0.9058214426040649,0.6753333210945129,0.9044395089149475
148,0.6741333603858948,0.9067664742469788,0.6728000044822693,0.9088351726531982
149,0.675225019454956,0.905846357345581,0.6682999730110168,0.9254356026649475
150,0.6753166913986206,0.9069395065307617,0.6665666699409485,0.9267063140869141
151,0.6759333610534668,0.9042798280715942,0.6758000254631042,0.9016605019569397
152,0.6761583089828491,0.9034757018089294,0.6582666635513306,0.9321749806404114
153,0.6754083037376404,0.9077001214027405,0.6671666502952576,0.9132948517799377
154,0.6755666732788086,0.9056784510612488,0.6659666895866394,0.921826958656311
155,0.6744666695594788,0.9069797396659851,0.6711000204086304,0.9134944677352905
156,0.6780916452407837,0.9005039930343628,0.6708999872207642,0.9131092429161072
157,0.6756916642189026,0.9027922749519348,0.6586333513259888,0.9425832629203796
158,0.6761249899864197,0.9026176929473877,0.6737333536148071,0.9070488214492798
159,0.6763416528701782,0.9034879803657532,0.6694999933242798,0.9143316149711609
160,0.6769833564758301,0.9020612835884094,0.6743666529655457,0.8999989628791809
161,0.6779166460037231,0.8997446894645691,0.6672333478927612,0.9264613389968872
162,0.6781583428382874,0.8999518752098083,0.6742666959762573,0.9005287289619446
163,0.6770250201225281,0.900343656539917,0.6718999743461609,0.9103285074234009
164,0.6756250262260437,0.9006575345993042,0.6681666374206543,0.9252393841743469
165,0.6775749921798706,0.9013372659683228,0.6654000282287598,0.9224846959114075
166,0.6792250275611877,0.8966953158378601,0.6674666404724121,0.9216092824935913
167,0.6786999702453613,0.8983189463615417,0.6701333522796631,0.9191855192184448
168,0.6781166791915894,0.8978227376937866,0.670199990272522,0.9120054841041565
169,0.6769000291824341,0.8990805745124817,0.6758666634559631,0.9033351540565491
170,0.6791250109672546,0.8972384333610535,0.6687333583831787,0.9165259003639221
171,0.6786916851997375,0.89584881067276,0.6635000109672546,0.9429123401641846
172,0.677049994468689,0.8986963033676147,0.6723999977111816,0.910385251045227
173,0.6798250079154968,0.8960795402526855,0.6776666641235352,0.8937199115753174
174,0.6793166399002075,0.8963123559951782,0.6661333441734314,0.9166918992996216
175,0.6794166564941406,0.8959000706672668,0.6725999712944031,0.9062567949295044
176,0.6785833239555359,0.8950838446617126,0.6764333248138428,0.9162538647651672
177,0.6777166724205017,0.8955837488174438,0.675266683101654,0.9035493731498718
178,0.6798083186149597,0.8959541916847229,0.6664666533470154,0.9257704615592957
179,0.6790833473205566,0.8908626437187195,0.6771000027656555,0.9071934223175049
180,0.6803749799728394,0.8932000398635864,0.6746666431427002,0.9064766764640808
181,0.6800500154495239,0.8939545154571533,0.6646999716758728,0.9403061270713806
182,0.6801499724388123,0.8916196823120117,0.6745333075523376,0.9032396674156189
183,0.6800666451454163,0.889711856842041,0.6760666370391846,0.9047734141349792
184,0.6802250146865845,0.8926092386245728,0.661899983882904,0.9450651407241821
185,0.6811749935150146,0.8902662992477417,0.6746000051498413,0.909963071346283
186,0.6799749732017517,0.8945766091346741,0.6800333261489868,0.8900045156478882
187,0.6812833547592163,0.8917338252067566,0.6728333234786987,0.9062398672103882
188,0.6826416850090027,0.8891305923461914,0.6728333234786987,0.9114509224891663
189,0.6821916699409485,0.8892102241516113,0.6767666935920715,0.9081241488456726
190,0.6815083622932434,0.890389084815979,0.667900025844574,0.9374599456787109
191,0.6816999912261963,0.8910025358200073,0.6755333542823792,0.9109255075454712
192,0.6830583214759827,0.8890105485916138,0.6763333082199097,0.9094341397285461
193,0.6828749775886536,0.8880508542060852,0.6644666790962219,0.9372250437736511
194,0.6818583607673645,0.889624297618866,0.6741666793823242,0.910941481590271
195,0.6807916760444641,0.8909322619438171,0.6716333627700806,0.9135913848876953
196,0.6828333139419556,0.8858386278152466,0.679099977016449,0.8939709663391113
197,0.6818000078201294,0.8859313130378723,0.6693999767303467,0.926470160484314
198,0.6832166910171509,0.8855897188186646,0.6753000020980835,0.9041736721992493
199,0.6826000213623047,0.8854515552520752,0.6782666444778442,0.8936004042625427
