epoch,accuracy,loss,val_accuracy,val_loss
0,0.46597498655319214,1.7325246334075928,0.5224999785423279,1.3100528717041016
1,0.5234833359718323,1.2969266176223755,0.5446333289146423,1.2491250038146973
2,0.5487833619117737,1.2390943765640259,0.5462666749954224,1.249687910079956
3,0.5606499910354614,1.2093231678009033,0.5916333198547363,1.1282711029052734
4,0.5726500153541565,1.1837419271469116,0.5901666879653931,1.1209652423858643
5,0.5756833553314209,1.172774314880371,0.6025333404541016,1.1116888523101807
6,0.5826583504676819,1.1561052799224854,0.6102666854858398,1.0845459699630737
7,0.5883916616439819,1.143821120262146,0.6040999889373779,1.1039860248565674
8,0.5926333069801331,1.133767008781433,0.6153333187103271,1.0939452648162842
9,0.597724974155426,1.124314785003662,0.6164666414260864,1.0684646368026733
10,0.5983583331108093,1.1178076267242432,0.6190999746322632,1.066947102546692
11,0.6011333465576172,1.112580418586731,0.6215000152587891,1.0597769021987915
12,0.607158362865448,1.1016830205917358,0.6275666952133179,1.032533884048462
13,0.6056333184242249,1.100535273551941,0.6168000102043152,1.0626788139343262
14,0.6087416410446167,1.0937150716781616,0.621833324432373,1.0515817403793335
15,0.6096166372299194,1.0902905464172363,0.6186333298683167,1.0480384826660156
16,0.6121500134468079,1.0839147567749023,0.6198999881744385,1.055127501487732
17,0.6112416386604309,1.0838165283203125,0.6401333212852478,1.0145223140716553
18,0.6122499704360962,1.079440951347351,0.6361333131790161,1.0292844772338867
19,0.615891695022583,1.0733203887939453,0.6269000172615051,1.0306233167648315
20,0.6184583306312561,1.0693284273147583,0.6210333108901978,1.054822564125061
21,0.618149995803833,1.0683441162109375,0.6304333209991455,1.026296854019165
22,0.6189749836921692,1.066264271736145,0.6378333568572998,1.0436536073684692
23,0.6200166940689087,1.060410737991333,0.6068999767303467,1.0946850776672363
24,0.6219000220298767,1.060341715812683,0.646133303642273,0.9948379993438721
25,0.6232083439826965,1.0564385652542114,0.6404333114624023,1.0081708431243896
26,0.6230999827384949,1.0563490390777588,0.6262999773025513,1.025579810142517
27,0.6251333355903625,1.050850749015808,0.6316333413124084,1.0326881408691406
28,0.6237083077430725,1.0501383543014526,0.6395000219345093,1.0185070037841797
29,0.6265416741371155,1.047145128250122,0.642799973487854,1.0021419525146484
30,0.6276916861534119,1.0459529161453247,0.6468666791915894,0.9962631464004517
31,0.6285666823387146,1.0404107570648193,0.6229000091552734,1.061490535736084
32,0.6297249794006348,1.0405635833740234,0.6262999773025513,1.0495188236236572
33,0.6305333375930786,1.037493109703064,0.6478000283241272,0.9853154420852661
34,0.6314166784286499,1.0362197160720825,0.6466666460037231,0.9973161816596985
35,0.6323166489601135,1.034843921661377,0.6360999941825867,1.0111497640609741
36,0.6327166557312012,1.0332945585250854,0.643666684627533,0.9973750114440918
37,0.6341583132743835,1.0315680503845215,0.6370333433151245,1.0168124437332153
38,0.6330916881561279,1.0314778089523315,0.6392666697502136,1.024970531463623
39,0.6336249709129333,1.0297678709030151,0.6509333252906799,0.9803532958030701
40,0.6350916624069214,1.0251280069351196,0.6450999975204468,1.0024856328964233
41,0.6366249918937683,1.0245609283447266,0.6287999749183655,1.0466338396072388
42,0.6372666954994202,1.0222610235214233,0.6435999870300293,1.0005322694778442
43,0.6360916495323181,1.0211586952209473,0.6413666605949402,0.9937710762023926
44,0.6374916434288025,1.0179685354232788,0.6439333558082581,1.004233956336975
45,0.6378250122070312,1.019313097000122,0.647266685962677,0.9978408217430115
46,0.6390083432197571,1.0180778503417969,0.628000020980835,1.027085304260254
47,0.6388083100318909,1.0168211460113525,0.6504999995231628,0.9785485863685608
48,0.6385916471481323,1.014674425125122,0.6237000226974487,1.0383810997009277
49,0.6385999917984009,1.0134128332138062,0.6494333148002625,0.9943187236785889
50,0.640625,1.012338638305664,0.6492000222206116,0.9852240085601807
51,0.6417166590690613,1.010142207145691,0.6504999995231628,0.9843257665634155
52,0.64246666431427,1.0085397958755493,0.6547666788101196,0.9676216244697571
53,0.643958330154419,1.0076295137405396,0.6463333368301392,0.9972336292266846
54,0.6446166634559631,1.0070393085479736,0.6466666460037231,0.9816415905952454
55,0.6435583233833313,1.003553867340088,0.6456999778747559,0.9966868758201599
56,0.6449916958808899,1.0014371871948242,0.6516000032424927,0.9898199439048767
57,0.6447583436965942,1.0040125846862793,0.6564000248908997,0.9717974662780762
58,0.6443583369255066,1.001625418663025,0.6488333344459534,0.9717441201210022
59,0.6452916860580444,1.000421166419983,0.6541666388511658,0.9784029722213745
60,0.6449916958808899,1.000602126121521,0.6492999792098999,0.9892182946205139
61,0.6458583474159241,0.9984379410743713,0.6576666831970215,0.975346565246582
62,0.6471166610717773,0.999154806137085,0.6619333624839783,0.9557393193244934
63,0.6452749967575073,0.9975296854972839,0.6536999940872192,0.9789844155311584
64,0.6456249952316284,0.9985607266426086,0.6440666913986206,0.9981654286384583
65,0.6455249786376953,0.9979032278060913,0.6555333137512207,0.9772339463233948
66,0.6463500261306763,0.9952113032341003,0.6536666750907898,0.9698176980018616
67,0.6481833457946777,0.9932292103767395,0.6414666771888733,1.0218169689178467
68,0.6496833562850952,0.9912319779396057,0.6552333235740662,0.9634634852409363
69,0.6498333215713501,0.9912168979644775,0.6473000049591064,0.9932371377944946
70,0.6490583419799805,0.9888991713523865,0.6534333229064941,0.9785794019699097
71,0.6480000019073486,0.9908839464187622,0.6567666530609131,0.9706806540489197
72,0.6493916511535645,0.9884961843490601,0.661633312702179,0.9579077363014221
73,0.6501583456993103,0.9865327477455139,0.659166693687439,0.9585888385772705
74,0.6505666375160217,0.9869989156723022,0.6414666771888733,1.011736512184143
75,0.6506833434104919,0.9874519109725952,0.6606000065803528,0.9655333757400513
76,0.6499333381652832,0.9865226149559021,0.6415333151817322,1.0156551599502563
77,0.6520833373069763,0.9866006970405579,0.6636000275611877,0.9543269276618958
78,0.651366651058197,0.9849446415901184,0.6571000218391418,0.9782015085220337
79,0.6518999934196472,0.9818928837776184,0.6567333340644836,0.973832905292511
80,0.6519416570663452,0.9843395948410034,0.6554999947547913,0.9642453193664551
81,0.6533416509628296,0.98142009973526,0.6413333415985107,1.0275877714157104
82,0.6534749865531921,0.9809520840644836,0.6564000248908997,0.9592736959457397
83,0.6517500281333923,0.9799058437347412,0.661300003528595,0.9542692303657532
84,0.6549249887466431,0.9769879579544067,0.6624666452407837,0.9476000666618347
85,0.6543833613395691,0.9803506135940552,0.6434999704360962,0.9881575107574463
86,0.6548666954040527,0.9763535857200623,0.6640666723251343,0.950188159942627
87,0.6533499956130981,0.9796454906463623,0.6621333360671997,0.9525597095489502
88,0.6544250249862671,0.9758458137512207,0.6609333157539368,0.9538743495941162
89,0.6554666757583618,0.9755663871765137,0.6467999815940857,0.9793388247489929
90,0.65420001745224,0.9770578145980835,0.6658333539962769,0.950948178768158
91,0.6551666855812073,0.9758849143981934,0.6639999747276306,0.952709972858429
92,0.6550833582878113,0.9749402403831482,0.6639666557312012,0.9382034540176392
93,0.6547999978065491,0.974671483039856,0.6610000133514404,0.9551872611045837
94,0.6549000144004822,0.9721758365631104,0.667900025844574,0.9382813572883606
95,0.6556583046913147,0.9740815758705139,0.6665666699409485,0.9425584673881531
96,0.65625,0.9703941345214844,0.6668333411216736,0.949600100517273
97,0.6572833061218262,0.9715451598167419,0.646399974822998,1.007754921913147
98,0.6571583151817322,0.9699034690856934,0.6640999913215637,0.947866678237915
99,0.65767502784729,0.969341516494751,0.6603666543960571,0.9467684030532837
100,0.6580749750137329,0.9670481085777283,0.657966673374176,0.9681015014648438
101,0.6568583250045776,0.9697498083114624,0.6600333452224731,0.9583000540733337
102,0.6575000286102295,0.9682064652442932,0.661899983882904,0.9519520998001099
103,0.6593083143234253,0.9666708707809448,0.6703333258628845,0.9392134547233582
104,0.6591166853904724,0.9655768275260925,0.6523666381835938,0.9761433601379395
105,0.6582000255584717,0.9654507040977478,0.6526333093643188,0.9841480255126953
106,0.6591333150863647,0.9637957215309143,0.6532333493232727,0.970988929271698
107,0.6578666567802429,0.9659729599952698,0.6603999733924866,0.9517999887466431
108,0.6602333188056946,0.9624233841896057,0.6692000031471252,0.9345530867576599
109,0.6586083173751831,0.9615764617919922,0.6677666902542114,0.9300726652145386
110,0.659683346748352,0.9635698795318604,0.6553999781608582,0.9698200225830078
111,0.6589000225067139,0.964588463306427,0.6692333221435547,0.9317357540130615
112,0.6595083475112915,0.9617269039154053,0.6650333404541016,0.9414188265800476
113,0.6608666777610779,0.9617456793785095,0.6731333136558533,0.9325932860374451
114,0.6617083549499512,0.9574657082557678,0.6633666753768921,0.9551006555557251
115,0.6609249711036682,0.9606742262840271,0.6543999910354614,0.9695204496383667
116,0.6598749756813049,0.9617844223976135,0.6544666886329651,0.9677277207374573
117,0.6605166792869568,0.9586525559425354,0.6642000079154968,0.9354312419891357
118,0.661591649055481,0.9591110944747925,0.6561999917030334,0.9771912693977356
119,0.6611666679382324,0.9604731798171997,0.6553999781608582,0.9752841591835022
120,0.6611833572387695,0.9585781097412109,0.6706333160400391,0.9238392114639282
121,0.6624416708946228,0.9558150172233582,0.6562666893005371,0.9582909345626831
122,0.6627416610717773,0.9571844935417175,0.6537666916847229,0.9553235173225403
123,0.663183331489563,0.9545567631721497,0.6618333458900452,0.9536312222480774
124,0.6617500185966492,0.9580138921737671,0.6608333587646484,0.9556981325149536
125,0.6618499755859375,0.9576069116592407,0.6703000068664551,0.9309900999069214
126,0.6633250117301941,0.9551143646240234,0.6643000245094299,0.9483628869056702
127,0.6638583540916443,0.9547247886657715,0.6664999723434448,0.9354839324951172
128,0.6643166542053223,0.9535287022590637,0.6513333320617676,0.9679273366928101
129,0.6641666889190674,0.9525710344314575,0.6666333079338074,0.93761146068573
130,0.663391649723053,0.954555332660675,0.6614000201225281,0.9617467522621155
131,0.6631166934967041,0.9525713920593262,0.6660333275794983,0.9424371123313904
132,0.6635500192642212,0.9548312425613403,0.6687333583831787,0.9312727451324463
133,0.6646166443824768,0.9496387839317322,0.6580333113670349,0.9559777975082397
134,0.663016676902771,0.952556848526001,0.6537333130836487,0.9685021638870239
135,0.6636916399002075,0.9510481953620911,0.671833336353302,0.9344490766525269
136,0.6652666926383972,0.950380265712738,0.6691333055496216,0.9312058091163635
137,0.6647166609764099,0.9517289996147156,0.6665666699409485,0.9272977709770203
138,0.6633583307266235,0.9507264494895935,0.65256667137146,0.9707709550857544
139,0.6646416783332825,0.9479506611824036,0.6663333177566528,0.9387731552124023
140,0.6672499775886536,0.9464930891990662,0.6525333523750305,0.980560302734375
141,0.6662333607673645,0.9489794373512268,0.6635000109672546,0.9540556073188782
142,0.6666749715805054,0.9485837817192078,0.6648666858673096,0.9441952705383301
143,0.6661999821662903,0.9472084641456604,0.6737666726112366,0.9246246814727783
144,0.665274977684021,0.9470185041427612,0.6684666872024536,0.9466814398765564
145,0.6665250062942505,0.9462378621101379,0.6644999980926514,0.9501926898956299
146,0.6657249927520752,0.9476624727249146,0.6657999753952026,0.9373800158500671
147,0.6668166518211365,0.9448624849319458,0.6611999869346619,0.9529287815093994
148,0.6660333275794983,0.9470975399017334,0.6788666844367981,0.9192709922790527
149,0.6667083501815796,0.9432931542396545,0.6636000275611877,0.9509286880493164
150,0.6671916842460632,0.9438207745552063,0.6635000109672546,0.9424557685852051
151,0.6662416458129883,0.9448584914207458,0.6538333296775818,0.9641596078872681
152,0.6686750054359436,0.9441089034080505,0.6718999743461609,0.9296883344650269
153,0.6668999791145325,0.9441671371459961,0.668233335018158,0.9376121163368225
154,0.6659583449363708,0.9467037320137024,0.6683666706085205,0.9407508969306946
155,0.6680499911308289,0.9439752697944641,0.667033314704895,0.9360117316246033
156,0.6686499714851379,0.9423321485519409,0.6671333312988281,0.9492629766464233
157,0.6675999760627747,0.9406504034996033,0.6615333557128906,0.9581209421157837
158,0.668316662311554,0.942823052406311,0.6760333180427551,0.919195294380188
159,0.668274998664856,0.944221019744873,0.6693999767303467,0.9302213788032532
160,0.6690666675567627,0.9401048421859741,0.6733666658401489,0.9234628677368164
161,0.669741690158844,0.9379777312278748,0.6650000214576721,0.9567188024520874
162,0.6685333251953125,0.9405973553657532,0.6719333529472351,0.9315454959869385
163,0.6693333387374878,0.9383620023727417,0.6679333448410034,0.9327948093414307
164,0.6690166592597961,0.9385625720024109,0.6688666939735413,0.9430601596832275
165,0.6685749888420105,0.9410133361816406,0.6709666848182678,0.9244349598884583
166,0.6698750257492065,0.9390528202056885,0.6621000170707703,0.9508136510848999
167,0.67024165391922,0.9378001093864441,0.6549999713897705,0.9804583787918091
168,0.6680333614349365,0.9391408562660217,0.6610666513442993,0.9392877817153931
169,0.6702333092689514,0.9381299614906311,0.6661666631698608,0.9364956021308899
170,0.6700833439826965,0.9386063814163208,0.6671333312988281,0.9424751400947571
171,0.6707749962806702,0.9373300075531006,0.6548666954040527,0.9673706889152527
172,0.6701250076293945,0.9368922114372253,0.6553000211715698,0.963212788105011
173,0.6681416630744934,0.9394918084144592,0.6586333513259888,0.9625536203384399
174,0.6704583168029785,0.9373434782028198,0.6672999858856201,0.9368257522583008
175,0.6709416508674622,0.9365465044975281,0.6658666729927063,0.9513943791389465
176,0.6720166802406311,0.9358847737312317,0.6687666773796082,0.9548993706703186
177,0.6712499856948853,0.9365288615226746,0.6687666773796082,0.9296635389328003
178,0.6710000038146973,0.9329988956451416,0.6614333391189575,0.9525855183601379
179,0.6722000241279602,0.9352915287017822,0.6731333136558533,0.9214716553688049
180,0.6720250248908997,0.9336193799972534,0.6535333395004272,0.9812785387039185
181,0.6719499826431274,0.9340790510177612,0.6683666706085205,0.952305257320404
182,0.6712750196456909,0.9314609169960022,0.6585000157356262,0.9804215431213379
183,0.6709416508674622,0.9332220554351807,0.6737333536148071,0.9212574362754822
184,0.6718999743461609,0.9297176599502563,0.6725333333015442,0.9388900399208069
185,0.6708499789237976,0.9333821535110474,0.6599000096321106,0.9567694067955017
186,0.6715999841690063,0.9338889122009277,0.6759999990463257,0.9253277778625488
187,0.6731833219528198,0.9321324229240417,0.67003333568573,0.9273204207420349
188,0.6719833612442017,0.9325562715530396,0.6676666736602783,0.9362871646881104
189,0.67392498254776,0.9304894804954529,0.6705333590507507,0.932072639465332
190,0.6724333167076111,0.9308657646179199,0.6725000143051147,0.9223402142524719
191,0.671625018119812,0.9300991892814636,0.6707000136375427,0.9354782700538635
192,0.6735416650772095,0.9300875067710876,0.6774333119392395,0.9063615798950195
193,0.6728166937828064,0.9308541417121887,0.6771666407585144,0.9108321666717529
194,0.6721833348274231,0.932240903377533,0.6661999821662903,0.9313527941703796
195,0.6729833483695984,0.9305006265640259,0.6621000170707703,0.9532585144042969
196,0.6730583310127258,0.92832350730896,0.6684666872024536,0.9493135809898376
197,0.673341691493988,0.9282562136650085,0.6758999824523926,0.9171420931816101
198,0.673591673374176,0.9275720715522766,0.6682666540145874,0.9213233590126038
199,0.6715916395187378,0.9300051331520081,0.6689000129699707,0.92706698179245
